<?xml version="1.0" encoding="UTF-8"?>
<!-- Generated by org.testng.reporters.JUnitReportReporter -->
<testsuite hostname="ankur-PC" name="E2EProject.HomePage" tests="1" failures="0" timestamp="27 Nov 2019 17:48:39 GMT" time="34.455" errors="0">
  <testcase name="basePageNavigation" time="34.455" classname="E2EProject.HomePage"/>
</testsuite> <!-- E2EProject.HomePage -->
